TN:
SF:/home/iconok/GuildAudit/fuzzing/Icon0x_UniswapFuzz/src/UniswapV2ERC20.sol
DA:9,11047
DA:10,36233
DA:11,0
DA:12,587646
DA:13,587646
DA:14,0
DA:16,0
DA:18,0
DA:19,587646
DA:27,2
DA:29,2
DA:31,2
DA:32,2
DA:33,2
DA:35,2
DA:41,214791
DA:42,40798
DA:43,40798
DA:47,78314
DA:48,36233
DA:49,36233
DA:53,127672
DA:54,2
DA:58,267768
DA:59,267768
DA:60,267768
DA:63,2
DA:64,2
DA:65,267770
DA:68,0
DA:69,267768
DA:73,0
DA:74,0
DA:75,0
DA:77,0
DA:78,0
DA:82,267768
DA:83,0
DA:86,0
DA:87,0
DA:90,0
DA:91,0
DA:92,0
FN:40,_mint
FNDA:1,_mint
FN:46,_burn
FNDA:1,_burn
FN:52,_approve
FNDA:1,_approve
FN:57,_transfer
FNDA:1,_transfer
FN:63,approve
FNDA:1,approve
FN:68,transfer
FNDA:1,transfer
FN:73,transferFrom
FNDA:0,transferFrom
FN:81,permit
FNDA:1,permit
end_of_record
SF:/home/iconok/GuildAudit/fuzzing/Icon0x_UniswapFuzz/src/UniswapV2Factory.sol
DA:7,120062
DA:8,0
DA:10,1
DA:11,0
DA:16,1
DA:20,0
DA:23,1
DA:24,1
DA:25,1
DA:26,1
DA:27,1
DA:28,1
DA:29,1
DA:31,1
DA:33,1
DA:34,0
DA:35,1
DA:36,1
DA:37,1
DA:41,0
DA:42,0
DA:46,0
DA:47,0
FN:19,allPairsLength
FNDA:0,allPairsLength
FN:23,createPair
FNDA:1,createPair
FN:40,setFeeTo
FNDA:0,setFeeTo
FN:45,setFeeToSetter
FNDA:0,setFeeToSetter
end_of_record
SF:/home/iconok/GuildAudit/fuzzing/Icon0x_UniswapFuzz/src/UniswapV2Pair.sol
DA:15,83460
DA:16,42491
DA:18,40700
DA:19,849481
DA:20,40700
DA:26,1
DA:27,0
DA:28,75536
DA:30,1
DA:32,83460
DA:33,83460
DA:34,36233
DA:35,42491
DA:39,170543
DA:40,170543
DA:41,170543
DA:45,164913
DA:46,164913
DA:62,1
DA:67,1
DA:68,0
DA:69,1
DA:74,127672
DA:75,0
DA:76,0
DA:77,127672
DA:79,127672
DA:80,113538
DA:82,113538
DA:83,127672
DA:84,127672
DA:85,127672
DA:89,36601
DA:90,120061
DA:91,120061
DA:92,120061
DA:94,120061
DA:95,120061
DA:96,120061
DA:97,0
DA:98,0
DA:99,0
DA:100,0
DA:101,0
DA:104,0
DA:105,0
DA:110,0
DA:111,83460
DA:112,83460
DA:113,83460
DA:114,83460
DA:115,83460
DA:117,83460
DA:118,83460
DA:119,83460
DA:120,83460
DA:121,5146
DA:123,78314
DA:125,78314
DA:126,43310
DA:128,43310
DA:129,37901
DA:130,37901
DA:134,0
DA:135,0
DA:136,36601
DA:137,36601
DA:138,36601
DA:139,36601
DA:140,36601
DA:142,36601
DA:143,36601
DA:144,36601
DA:145,36601
DA:146,36601
DA:147,368
DA:148,368
DA:149,36233
DA:150,36233
DA:151,36233
DA:153,36233
DA:154,36233
DA:155,36233
DA:160,11047
DA:161,11047
DA:162,11047
DA:164,11047
DA:167,11047
DA:168,11047
DA:169,11047
DA:170,11047
DA:171,11047
DA:172,11047
DA:173,11047
DA:174,11047
DA:176,11047
DA:177,11047
DA:178,11047
DA:180,22094
DA:181,11047
DA:182,11047
DA:185,11047
DA:186,11047
DA:191,40700
DA:192,40700
DA:193,81400
DA:194,81400
DA:199,42491
FN:38,getReserves
FNDA:1,getReserves
FN:44,_safeTransfer
FNDA:1,_safeTransfer
FN:66,initialize
FNDA:1,initialize
FN:73,_update
FNDA:1,_update
FN:89,_mintFee
FNDA:1,_mintFee
FN:110,mint
FNDA:1,mint
FN:134,burn
FNDA:1,burn
FN:159,swap
FNDA:1,swap
FN:190,skim
FNDA:1,skim
FN:198,sync
FNDA:1,sync
end_of_record
SF:/home/iconok/GuildAudit/fuzzing/Icon0x_UniswapFuzz/src/interfaces/IERC20.sol
end_of_record
SF:/home/iconok/GuildAudit/fuzzing/Icon0x_UniswapFuzz/src/interfaces/IUniswapV2Callee.sol
end_of_record
SF:/home/iconok/GuildAudit/fuzzing/Icon0x_UniswapFuzz/src/interfaces/IUniswapV2ERC20.sol
end_of_record
SF:/home/iconok/GuildAudit/fuzzing/Icon0x_UniswapFuzz/src/interfaces/IUniswapV2Factory.sol
end_of_record
SF:/home/iconok/GuildAudit/fuzzing/Icon0x_UniswapFuzz/src/interfaces/IUniswapV2Pair.sol
end_of_record
SF:/home/iconok/GuildAudit/fuzzing/Icon0x_UniswapFuzz/src/libraries/Math.sol
DA:5,0
DA:6,40798
DA:7,40798
DA:11,0
DA:12,0
DA:13,0
DA:14,120061
DA:15,0
DA:16,120061
DA:17,120061
DA:19,214791
DA:20,214791
FN:6,min
FNDA:1,min
FN:11,sqrt
FNDA:1,sqrt
end_of_record
SF:/home/iconok/GuildAudit/fuzzing/Icon0x_UniswapFuzz/src/libraries/SafeMath.sol
DA:5,0
DA:7,267768
DA:11,83513
DA:14,38367
DA:15,164913
FN:6,add
FNDA:1,add
FN:10,sub
FNDA:1,sub
FN:14,mul
FNDA:1,mul
end_of_record
SF:/home/iconok/GuildAudit/fuzzing/Icon0x_UniswapFuzz/src/libraries/UQ112x112.sol
DA:8,0
DA:13,36233
DA:17,36233
DA:18,36233
FN:12,encode
FNDA:1,encode
FN:17,uqdiv
FNDA:1,uqdiv
end_of_record
SF:/home/iconok/GuildAudit/fuzzing/Icon0x_UniswapFuzz/src/test/ERC20.sol
DA:5,855416
DA:7,2
end_of_record
SF:/home/iconok/GuildAudit/fuzzing/Icon0x_UniswapFuzz/test/invariant/UniswapV2Invariant.sol
DA:13,127
DA:14,157
DA:15,1810
DA:16,127
DA:19,268
DA:20,46
DA:21,113
DA:24,43
DA:25,1183
DA:28,202
DA:29,153
DA:33,1
DA:36,1
DA:37,1
DA:40,1
DA:41,0
DA:42,0
DA:43,0
DA:47,1
DA:48,1
DA:51,1
DA:52,1
DA:61,86582
DA:62,43291
DA:65,43291
DA:66,43291
DA:69,43291
DA:70,37901
DA:73,37901
DA:74,37901
DA:78,38935
DA:81,36601
DA:84,36601
DA:87,36601
DA:88,36233
DA:91,36233
DA:92,36233
DA:96,39435
DA:99,39435
DA:100,39435
DA:101,39435
DA:104,25326
DA:105,12663
DA:108,12663
DA:111,12663
DA:113,5679
DA:114,5679
DA:115,6984
DA:117,5368
DA:118,5368
DA:121,1616
DA:125,11047
DA:126,11047
DA:127,5226
DA:129,11047
DA:133,40700
DA:137,42491
DA:142,46994
DA:145,5226
DA:146,2735
DA:147,2735
DA:149,5226
DA:150,2491
DA:151,2491
DA:159,0
DA:160,0
DA:162,0
DA:164,0
DA:167,0
DA:170,0
DA:171,0
DA:173,0
DA:174,0
DA:177,0
DA:180,0
DA:181,0
DA:184,0
DA:187,0
DA:188,0
DA:191,0
DA:193,0
DA:196,0
DA:197,0
DA:200,0
DA:203,0
DA:204,0
DA:205,0
DA:209,0
DA:212,0
DA:213,0
DA:216,0
DA:217,0
DA:220,0
DA:223,0
DA:224,0
DA:225,0
DA:227,0
DA:230,0
DA:233,0
DA:236,0
DA:237,0
DA:238,0
DA:241,0
DA:244,0
DA:245,0
DA:248,0
DA:249,0
DA:251,0
DA:258,148509
DA:259,148509
DA:260,148408
DA:263,0
DA:264,0
DA:265,0
DA:267,0
DA:271,11047
DA:272,11047
DA:273,11047
DA:275,11047
DA:276,11047
DA:277,11047
DA:282,0
DA:283,0
DA:284,0
DA:285,0
DA:291,40169
DA:292,40169
DA:293,0
FN:59,addLiquidity
FNDA:1,addLiquidity
FN:77,removeLiquidity
FNDA:1,removeLiquidity
FN:95,swap
FNDA:1,swap
FN:132,skim
FNDA:1,skim
FN:136,sync
FNDA:1,sync
FN:141,uniswapV2Call
FNDA:1,uniswapV2Call
FN:159,property_constantProductFormula
FNDA:0,property_constantProductFormula
FN:170,property_reservesMatchBalances
FNDA:0,property_reservesMatchBalances
FN:180,property_minimumLiquidityLocked
FNDA:0,property_minimumLiquidityLocked
FN:187,property_totalSupplyConsistency
FNDA:0,property_totalSupplyConsistency
FN:196,property_noOverflowInReserves
FNDA:0,property_noOverflowInReserves
FN:203,property_priceAccumulatorIncreases
FNDA:0,property_priceAccumulatorIncreases
FN:212,property_liquidityTokensConservation
FNDA:0,property_liquidityTokensConservation
FN:223,property_kLastConsistency
FNDA:0,property_kLastConsistency
FN:236,property_noTokenLoss
FNDA:0,property_noTokenLoss
FN:244,property_swapAmountBounds
FNDA:0,property_swapAmountBounds
FN:258,_bound
FNDA:1,_bound
FN:263,_almostEqual
FNDA:0,_almostEqual
FN:271,_getAmountIn
FNDA:1,_getAmountIn
FN:281,_updateInitialK
FNDA:0,_updateInitialK
FN:291,mint
FNDA:1,mint
end_of_record
SF:/home/iconok/GuildAudit/fuzzing/Icon0x_UniswapFuzz/test/invariant/utils/IStdCheats.sol
end_of_record
